<?xml version="1.0" encoding="UTF-8"?>
<!-- Generated by org.testng.reporters.JUnitReportReporter -->
<testsuite hostname="INR2200524" failures="0" tests="1" name="com.petstore.api.pet.tests.Api_Pet_Testcases" time="3.304" errors="0" timestamp="2024-07-13T23:46:34 IST" skipped="0">
  <testcase classname="com.petstore.api.pet.tests.Api_Pet_Testcases" name="createPetDetails" time="3.304"/>
  <system-out/>
</testsuite> <!-- com.petstore.api.pet.tests.Api_Pet_Testcases -->
