<?xml version="1.0" encoding="UTF-8"?>
<!-- Generated by org.testng.reporters.JUnitReportReporter -->
<testsuite hostname="INR2200524" failures="0" tests="4" name="com.weather.api.tests.WeatherApiTestcases" time="5.410" errors="0" timestamp="2024-07-20T12:02:16 IST" skipped="0">
  <testcase classname="com.weather.api.tests.WeatherApiTestcases" name="weatherApiTest" time="2.722"/>
  <system-out/>
  <testcase classname="com.weather.api.tests.WeatherApiTestcases" name="weatherApiTest" time="1.395"/>
  <system-out/>
  <testcase classname="com.weather.api.tests.WeatherApiTestcases" name="weatherApiTest" time="1.252"/>
  <system-out/>
  <testcase classname="com.weather.api.tests.WeatherApiTestcases" name="maximumTemprature" time="0.041"/>
  <system-out/>
</testsuite> <!-- com.weather.api.tests.WeatherApiTestcases -->
