<?xml version="1.0" encoding="UTF-8"?>
<!-- Generated by org.testng.reporters.JUnitReportReporter -->
<testsuite hostname="INR2200524" failures="0" tests="1" name="com.yourProjectName.moduleName.TestCaseOneTc" time="1.487" errors="0" timestamp="2024-02-04T00:15:28 IST" skipped="0">
  <testcase classname="com.yourProjectName.moduleName.TestCaseOneTc" name="testCaseOne" time="1.487"/>
  <system-out/>
</testsuite> <!-- com.yourProjectName.moduleName.TestCaseOneTc -->
