<?xml version="1.0" encoding="UTF-8"?>
<!-- Generated by org.testng.reporters.JUnitReportReporter -->
<testsuite hostname="INR2200524" failures="0" tests="1" name="com.yourProjectName.moduleName.sampleTc" time="1.968" errors="0" timestamp="2024-02-05T23:19:21 IST" skipped="0">
  <testcase classname="com.yourProjectName.moduleName.sampleTc" name="testCaseOne" time="1.968"/>
  <system-out/>
</testsuite> <!-- com.yourProjectName.moduleName.sampleTc -->
