<?xml version="1.0" encoding="UTF-8"?>
<!-- Generated by org.testng.reporters.JUnitReportReporter -->
<testsuite hostname="INR2200524" failures="0" tests="1" name="com.demo.test.reqRes" time="0.012" errors="0" timestamp="2024-02-01T15:25:32 IST" skipped="0">
  <testcase classname="com.demo.test.reqRes" name="getApi" time="0.012"/>
  <system-out/>
</testsuite> <!-- com.demo.test.reqRes -->
