<?xml version="1.0" encoding="UTF-8"?>
<!-- Generated by org.testng.reporters.JUnitReportReporter -->
<testsuite hostname="INR2200524" failures="0" tests="4" name="com.weather.api.tests.WeatherApiTestcases" time="6.020" errors="0" timestamp="2024-07-20T11:43:55 IST" skipped="0">
  <testcase classname="com.weather.api.tests.WeatherApiTestcases" name="weatherApiTest" time="2.697"/>
  <system-out/>
  <testcase classname="com.weather.api.tests.WeatherApiTestcases" name="weatherApiTest" time="1.136"/>
  <system-out/>
  <testcase classname="com.weather.api.tests.WeatherApiTestcases" name="weatherApiTest" time="2.151"/>
  <system-out/>
  <testcase classname="com.weather.api.tests.WeatherApiTestcases" name="compareTemp" time="0.036"/>
  <system-out/>
</testsuite> <!-- com.weather.api.tests.WeatherApiTestcases -->
